<?xml version="1.0" encoding="UTF-8"?>
<!-- Generated by org.testng.reporters.JUnitXMLReporter -->
<testsuite hostname="DESKTOP-M096LDG" name="Test" tests="1" failures="1" timestamp="8 Nov 2019 04:05:14 GMT" time="0.052" errors="0">
  <testcase name="init" time="0.034" classname="com.testPages.LoginTest">
    <failure type="java.lang.NullPointerException">
      <![CDATA[java.lang.NullPointerException
	at org.openqa.selenium.support.pagefactory.DefaultElementLocator.findElement(DefaultElementLocator.java:69)
	at org.openqa.selenium.support.pagefactory.internal.LocatingElementHandler.invoke(LocatingElementHandler.java:38)
	at com.sun.proxy.$Proxy7.click(Unknown Source)
	at Pages.HomePage.SignInbutton(HomePage.java:29)
	at com.testPages.LoginTest.init(LoginTest.java:21)
... Removed 24 stack frames]]>
    </failure>
  </testcase> <!-- init -->
</testsuite> <!-- Test -->
