<?xml version="1.0" encoding="UTF-8"?>
<testng-results skipped="0" failed="0" total="1" passed="1">
  <reporter-output>
  </reporter-output>
  <suite name="Default suite" duration-ms="39006" started-at="2019-12-05T04:49:27Z" finished-at="2019-12-05T04:50:06Z">
    <groups>
    </groups>
    <test name="Default test" duration-ms="39006" started-at="2019-12-05T04:49:27Z" finished-at="2019-12-05T04:50:06Z">
      <class name="Giftcard.Baby">
        <test-method status="PASS" signature="Initialization()[pri:0, instance:Giftcard.Baby@4f933fd1]" name="Initialization" duration-ms="38986" started-at="2019-12-05T10:19:27Z" finished-at="2019-12-05T10:20:06Z">
          <reporter-output>
          </reporter-output>
        </test-method> <!-- Initialization -->
      </class> <!-- Giftcard.Baby -->
    </test> <!-- Default test -->
  </suite> <!-- Default suite -->
</testng-results>
