<?xml version="1.0" encoding="UTF-8"?>
<!-- Generated by org.testng.reporters.JUnitXMLReporter -->
<testsuite hostname="DESKTOP-M096LDG" name="Test" tests="1" failures="1" timestamp="21 Jan 2020 11:20:54 GMT" time="6.544" errors="0">
  <testcase name="TestExecution" time="0.013" classname="Test.FixDepositecalculatorTest">
    <failure type="java.lang.IllegalAccessException" message="Class org.testng.internal.MethodInvocationHelper can not access a member of class Test.FixDepositecalculatorTest with modifiers &amp;quot;public&amp;quot;">
      <![CDATA[java.lang.IllegalAccessException: Class org.testng.internal.MethodInvocationHelper can not access a member of class Test.FixDepositecalculatorTest with modifiers "public"
... Removed 24 stack frames]]>
    </failure>
  </testcase> <!-- TestExecution -->
</testsuite> <!-- Test -->
