<?xml version="1.0" encoding="UTF-8"?>
<testng-results skipped="0" failed="0" total="0" passed="0">
  <reporter-output>
  </reporter-output>
  <suite name="Suite" duration-ms="6588" started-at="2020-01-21T11:16:46Z" finished-at="2020-01-21T11:16:52Z">
    <groups>
    </groups>
    <test name="Test" duration-ms="6588" started-at="2020-01-21T11:16:46Z" finished-at="2020-01-21T11:16:52Z">
      <class name="Test.BaseTest">
        <test-method status="PASS" signature="Initialization(java.lang.String)[pri:0, instance:Test.BaseTest@1936f0f5]" name="Initialization" is-config="true" duration-ms="6578" started-at="2020-01-21T16:46:46Z" finished-at="2020-01-21T16:46:52Z">
          <params>
            <param index="0">
              <value>
                <![CDATA[https://fd-calculator.in/]]>
              </value>
            </param>
          </params>
          <reporter-output>
          </reporter-output>
        </test-method> <!-- Initialization -->
      </class> <!-- Test.BaseTest -->
    </test> <!-- Test -->
  </suite> <!-- Suite -->
</testng-results>
