<?xml version="1.0" encoding="UTF-8"?>
<testng-results skipped="0" failed="0" total="0" passed="0">
  <reporter-output>
  </reporter-output>
  <suite name="Default suite" duration-ms="33" started-at="2020-01-21T12:30:58Z" finished-at="2020-01-21T12:30:58Z">
    <groups>
    </groups>
    <test name="Default test" duration-ms="33" started-at="2020-01-21T12:30:58Z" finished-at="2020-01-21T12:30:58Z">
      <class name="Test.BaseTest">
        <test-method status="FAIL" signature="Initialization(java.lang.String)[pri:0, instance:Test.BaseTest@5c7fa833]" name="Initialization" is-config="true" duration-ms="0" started-at="2020-01-21T18:00:58Z" finished-at="2020-01-21T18:00:58Z">
          <exception class="org.testng.TestNGException">
            <message>
              <![CDATA[
Parameter 'url' is required by @Configuration on method Initialization but has not been marked @Optional or defined
in C:\Users\hp\AppData\Local\Temp\testng-eclipse--731754493\testng-customsuite.xml]]>
            </message>
            <full-stacktrace>
              <![CDATA[org.testng.TestNGException: 
Parameter 'url' is required by @Configuration on method Initialization but has not been marked @Optional or defined
in C:\Users\hp\AppData\Local\Temp\testng-eclipse--731754493\testng-customsuite.xml
	at org.testng.internal.Parameters.createParameters(Parameters.java:155)
	at org.testng.internal.Parameters.createParameters(Parameters.java:355)
	at org.testng.internal.Parameters.createConfigurationParameters(Parameters.java:86)
	at org.testng.internal.Invoker.invokeConfigurations(Invoker.java:199)
	at org.testng.internal.Invoker.invokeConfigurations(Invoker.java:138)
	at org.testng.TestRunner.beforeRun(TestRunner.java:641)
	at org.testng.TestRunner.run(TestRunner.java:609)
	at org.testng.SuiteRunner.runTest(SuiteRunner.java:334)
	at org.testng.SuiteRunner.runSequentially(SuiteRunner.java:329)
	at org.testng.SuiteRunner.privateRun(SuiteRunner.java:291)
	at org.testng.SuiteRunner.run(SuiteRunner.java:240)
	at org.testng.SuiteRunnerWorker.runSuite(SuiteRunnerWorker.java:52)
	at org.testng.SuiteRunnerWorker.run(SuiteRunnerWorker.java:86)
	at org.testng.TestNG.runSuitesSequentially(TestNG.java:1198)
	at org.testng.TestNG.runSuitesLocally(TestNG.java:1123)
	at org.testng.TestNG.run(TestNG.java:1031)
	at org.testng.remote.AbstractRemoteTestNG.run(AbstractRemoteTestNG.java:126)
	at org.testng.remote.RemoteTestNG.initAndRun(RemoteTestNG.java:152)
	at org.testng.remote.RemoteTestNG.main(RemoteTestNG.java:57)
]]>
            </full-stacktrace>
          </exception> <!-- org.testng.TestNGException -->
          <reporter-output>
          </reporter-output>
        </test-method> <!-- Initialization -->
      </class> <!-- Test.BaseTest -->
    </test> <!-- Default test -->
  </suite> <!-- Default suite -->
</testng-results>
